
  \{^_^}/ hi!

  Loading ./tests/convo_db.json
  Done

  Resources
  http://localhost:3000/users
  http://localhost:3000/conversations

  Home
  http://localhost:3000

  Type s + enter at any time to create a snapshot of the database
  Watching...

  Error, can't read from stdin
  Creating a snapshot from the CLI won't be possible

  \{^_^}/ hi!

  Loading ./tests/convo_db.json
  Done

  Resources
  http://localhost:3000/users
  http://localhost:3000/conversations

  Home
  http://localhost:3000

  Type s + enter at any time to create a snapshot of the database
  Watching...

  Error, can't read from stdin
  Creating a snapshot from the CLI won't be possible
[0mGET /db [36m304 [0m3.446 ms - -[0m
[0mGET /__rules [33m404 [0m6.504 ms - 2[0m
[0mGET /db [36m304 [0m3.778 ms - -[0m
[0mGET /__rules [33m404 [0m4.965 ms - 2[0m
[0mGET /db [36m304 [0m2.217 ms - -[0m
[0mGET /__rules [33m404 [0m3.124 ms - 2[0m
[0mGET /db [36m304 [0m6.632 ms - -[0m
[0mGET /__rules [33m404 [0m7.741 ms - 2[0m
[0mGET /db [36m304 [0m3.828 ms - -[0m
[0mGET /__rules [33m404 [0m5.048 ms - 2[0m
[0mGET /db [36m304 [0m3.157 ms - -[0m
[0mGET /__rules [33m404 [0m3.904 ms - 2[0m
[0mGET /db [36m304 [0m2.858 ms - -[0m
[0mGET /__rules [33m404 [0m3.675 ms - 2[0m
[0mGET /db [36m304 [0m3.774 ms - -[0m
[0mGET /__rules [33m404 [0m4.917 ms - 2[0m

  \{^_^}/ hi!

  Loading ./tests/convo_db.json
  Done

  Resources
  http://localhost:3000/users
  http://localhost:3000/conversations

  Home
  http://localhost:3000

  Type s + enter at any time to create a snapshot of the database
  Watching...

  Error, can't read from stdin
  Creating a snapshot from the CLI won't be possible
[0mGET /users [32m200 [0m14.159 ms - 71[0m
  ./tests/convo_db.json has changed, reloading...

  Loading ./tests/convo_db.json
  ./tests/convo_db.json has changed, reloading...
  Done

  Resources
  http://localhost:3000/conversations

  Home
  http://localhost:3000

  Error reading /home/kate/dev/platform-conversation-manager/tests/convo_db.json
No data, empty input at 1:1

^
  Read error has been fixed :)
[0mGET /users [33m404 [0m1.713 ms - 2[0m
[0mGET /users [33m404 [0m0.274 ms - 2[0m
[0mGET /users [33m404 [0m1.541 ms - 2[0m
[0mGET /users [33m404 [0m2.197 ms - 2[0m
[0mGET /users [33m404 [0m2.189 ms - 2[0m
[0mGET /users [33m404 [0m2.203 ms - 2[0m
[0mGET /users [33m404 [0m1.831 ms - 2[0m
[0mGET /users [33m404 [0m2.151 ms - 2[0m
[0mGET /users [33m404 [0m2.059 ms - 2[0m
[0mGET /users [33m404 [0m1.722 ms - 2[0m
[0mGET /users [33m404 [0m2.346 ms - 2[0m
  Error reading /home/kate/dev/platform-conversation-manager/tests/convo_db.json
No data, empty input at 1:1

^
  Read error has been fixed :)
  ./tests/convo_db.json has changed, reloading...

  Loading ./tests/convo_db.json
  Done

  Resources
  http://localhost:3000/users
  http://localhost:3000/conversations

  Home
  http://localhost:3000

[0mGET /users [32m200 [0m3.418 ms - 71[0m
[0mGET /users [32m200 [0m3.025 ms - 71[0m
[0mGET /users [32m200 [0m3.504 ms - 71[0m
[0mGET /users [32m200 [0m3.148 ms - 71[0m
[0mGET /users [32m200 [0m8.943 ms - 71[0m
[0mGET /users [32m200 [0m2.888 ms - 71[0m
[0mGET /users [32m200 [0m4.152 ms - 71[0m
[0mGET /users [32m200 [0m3.328 ms - 71[0m
[0mGET /users [32m200 [0m4.021 ms - 71[0m
[0mGET /users [32m200 [0m2.568 ms - 71[0m
[0mGET /users [32m200 [0m2.959 ms - 71[0m
[0mGET /users [32m200 [0m2.082 ms - 71[0m
[0mGET /users [32m200 [0m2.561 ms - 71[0m
[0mGET /users [32m200 [0m2.666 ms - 71[0m
[0mGET /users [32m200 [0m2.706 ms - 71[0m
[0mGET /users [32m200 [0m4.248 ms - 71[0m
[0mGET /users [32m200 [0m2.598 ms - 71[0m
[0mGET /users [32m200 [0m2.928 ms - 71[0m
[0mGET /conversations [32m200 [0m16.514 ms - 187121[0m
[0mGET /conversations [32m200 [0m32.881 ms - 187121[0m
[0mGET /users [32m200 [0m3.291 ms - 71[0m
[0mGET /users [32m200 [0m2.818 ms - 71[0m
[0mGET /users [32m200 [0m2.733 ms - 71[0m
[0mGET /conversations [32m200 [0m7.604 ms - 187121[0m
[0mGET /users [32m200 [0m2.726 ms - 71[0m
[0mGET /users [32m200 [0m2.794 ms - 71[0m
[0mGET /conversations [32m200 [0m8.755 ms - 187121[0m
[0mGET /conversations [32m200 [0m8.065 ms - 187121[0m
[0mGET /conversations [32m200 [0m27.681 ms - 187121[0m
[0mGET /conversations [32m200 [0m15.829 ms - 187121[0m
[0mGET /conversations [32m200 [0m29.085 ms - 187121[0m
[0mGET /conversations [32m200 [0m11.350 ms - 187121[0m
[0mGET /conversations [32m200 [0m11.564 ms - 187121[0m
[0mGET /conversations [32m200 [0m20.781 ms - 187121[0m
[0mGET /conversations [32m200 [0m25.987 ms - 187121[0m
[0mGET /conversations [32m200 [0m26.232 ms - 187121[0m
[0mGET /conversations [32m200 [0m22.930 ms - 187121[0m
[0mGET /users [32m200 [0m2.905 ms - 71[0m
[0mGET /users [32m200 [0m2.689 ms - 71[0m
[0mGET /users [32m200 [0m2.698 ms - 71[0m
[0mGET /users [32m200 [0m2.597 ms - 71[0m
[0mGET /users [32m200 [0m2.731 ms - 71[0m
[0mGET /users [32m200 [0m2.897 ms - 71[0m
[0mGET /users [32m200 [0m3.169 ms - 71[0m
[0mGET /users [32m200 [0m2.810 ms - 71[0m
[0mGET /users [32m200 [0m3.661 ms - 71[0m
[0mGET /users [32m200 [0m3.247 ms - 71[0m
[0mGET /users [32m200 [0m3.630 ms - 71[0m
  Error reading /home/kate/dev/platform-conversation-manager/tests/convo_db.json
Unexpected end of input at 4161:26
                "speakers
                         ^
  Read error has been fixed :)
  ./tests/convo_db.json has changed, reloading...

  Loading ./tests/convo_db.json
  Done

  Resources
  http://localhost:3000/users
  http://localhost:3000/conversations

  Home
  http://localhost:3000

[0mGET /users [32m200 [0m3.395 ms - 140[0m
[0mGET /users [32m200 [0m2.837 ms - 140[0m
[0mGET /users [32m200 [0m3.308 ms - 140[0m
[0mGET /users [32m200 [0m6.938 ms - 140[0m
[0mGET /users [32m200 [0m3.330 ms - 140[0m

  \{^_^}/ hi!

  Loading ./tests/convo_db.json
  Done

  Resources
  http://localhost:3000/users
  http://localhost:3000/conversations

  Home
  http://localhost:3000

  Type s + enter at any time to create a snapshot of the database
  Watching...

  Error, can't read from stdin
  Creating a snapshot from the CLI won't be possible
[0mGET /users [32m200 [0m6.295 ms - 209[0m
[0mGET /users [32m200 [0m2.883 ms - 209[0m
[0mGET /users [32m200 [0m4.402 ms - 209[0m
[0mGET /users [32m200 [0m2.768 ms - 209[0m
[0mGET /users [32m200 [0m4.559 ms - 209[0m

  \{^_^}/ hi!

  Loading ./tests/convo_db.json
  Done

  Resources
  http://localhost:3000/users
  http://localhost:3000/conversations

  Home
  http://localhost:3000

  Type s + enter at any time to create a snapshot of the database
  Watching...

  Error, can't read from stdin
  Creating a snapshot from the CLI won't be possible
[0mGET /conversations [32m200 [0m28.968 ms - 187121[0m
[0mGET /users [32m200 [0m2.980 ms - 209[0m
[0mGET /users [32m200 [0m2.731 ms - 209[0m
[0mGET /users [32m200 [0m2.947 ms - 209[0m
[0mGET /users [32m200 [0m2.885 ms - 209[0m
[0mGET /conversations [32m200 [0m29.920 ms - 187121[0m

  \{^_^}/ hi!

  Loading ./tests/convo_db.json
  Done

  Resources
  http://localhost:3000/users
  http://localhost:3000/conversations

  Home
  http://localhost:3000

  Type s + enter at any time to create a snapshot of the database
  Watching...

  Error, can't read from stdin
  Creating a snapshot from the CLI won't be possible
[0mGET /users [32m200 [0m20.461 ms - 209[0m
[0mGET /conversations [32m200 [0m22.424 ms - 187121[0m
[0mGET /users [32m200 [0m2.057 ms - 209[0m
[0mGET /conversations [32m200 [0m17.995 ms - -[0m
[0mGET /users [32m200 [0m2.698 ms - 209[0m
[0mGET /conversations [32m200 [0m18.922 ms - 187121[0m
[0mGET /conversations [32m200 [0m15.150 ms - 187121[0m
[0mGET /conversations [32m200 [0m27.372 ms - 187121[0m
[0mGET /conversations [32m200 [0m10.945 ms - 187121[0m
[0mGET /conversations [32m200 [0m8.738 ms - 187121[0m
[0mGET /conversations [32m200 [0m10.827 ms - 187121[0m
[0mGET /conversations [32m200 [0m6.973 ms - 187121[0m
[0mGET /conversations [32m200 [0m13.521 ms - 187121[0m
[0mGET /conversations [32m200 [0m18.242 ms - 187121[0m
[0mGET /conversations [32m200 [0m11.256 ms - 187121[0m
[0mGET /conversations [32m200 [0m18.003 ms - 187121[0m
[0mGET /conversations [32m200 [0m25.549 ms - 187121[0m
[0mGET /conversations [32m200 [0m10.556 ms - 187121[0m
[0mGET /conversations [32m200 [0m12.555 ms - 187121[0m
[0mGET /conversations [32m200 [0m12.143 ms - 187121[0m
[0mGET /conversations [32m200 [0m9.158 ms - 187121[0m
[0mGET /conversations [32m200 [0m12.586 ms - 187121[0m
[0mGET /conversations [32m200 [0m10.798 ms - 187121[0m
[0mGET /conversations [32m200 [0m21.752 ms - 187121[0m
[0mGET /conversations [32m200 [0m8.784 ms - 187121[0m
[0mGET /users [32m200 [0m2.754 ms - 209[0m
[0mGET /users [32m200 [0m3.270 ms - 209[0m
[0mGET /users [32m200 [0m3.596 ms - 209[0m

  \{^_^}/ hi!

  Loading ./tests/convo_db.json
  Done

  Resources
  http://localhost:3000/users
  http://localhost:3000/conversations

  Home
  http://localhost:3000

  Type s + enter at any time to create a snapshot of the database
  Watching...

  Error, can't read from stdin
  Creating a snapshot from the CLI won't be possible
[0mGET /conversations [36m304 [0m18.830 ms - -[0m
[0mGET /users [32m200 [0m2.885 ms - 209[0m
[0mGET /users [32m200 [0m3.010 ms - 209[0m
[0mGET /conversations [32m200 [0m14.694 ms - 187121[0m
[0mGET /users [32m200 [0m2.874 ms - 209[0m
[0mGET /users [32m200 [0m2.977 ms - 209[0m
[0mGET /conversations [32m200 [0m12.946 ms - 187121[0m
[0mGET /users [32m200 [0m4.076 ms - 209[0m
[0mGET /users [32m200 [0m3.856 ms - 209[0m
[0mGET /users [32m200 [0m2.798 ms - 209[0m
[0mGET /users [32m200 [0m3.782 ms - 209[0m
[0mGET /users [32m200 [0m3.008 ms - 209[0m
[0mGET /users [32m200 [0m2.950 ms - 209[0m
[0mGET /users [32m200 [0m2.892 ms - 209[0m
[0mGET /users [32m200 [0m2.843 ms - 209[0m
